<?xml version="1.0" encoding="UTF-8"?>
<!-- Generated by org.testng.reporters.JUnitXMLReporter -->
<testsuite ignored="0" hostname="DAYZGAYU" failures="1" tests="3" name="Test" time="63.29" errors="0" timestamp="2022-08-30T18:58:03 IST">
  <testcase classname="org.automation.test.testcases.loginFb" name="loginToFb" time="23.938"/>
  <testcase classname="org.automation.test.testcases.loginFb" name="loginToFb" time="32.872"/>
  <testcase classname="org.automation.test.testcases.loginFb" name="logOut" time="3.397">
    <failure type="java.lang.NullPointerException" message="Cannot invoke &amp;quot;org.openqa.selenium.WebElement.click()&amp;quot; because &amp;quot;this.loginBtn&amp;quot; is null">
      <![CDATA[java.lang.NullPointerException: Cannot invoke "org.openqa.selenium.WebElement.click()" because "this.loginBtn" is null
at org.automation.test.pages.loginPage.clickLogin(loginPage.java:34)
at org.automation.test.testcases.loginFb.logOut(loginFb.java:36)
at java.base/java.util.ArrayList.forEach(ArrayList.java:1511)
... Removed 27 stack frames]]>
    </failure>
  </testcase> <!-- logOut -->
</testsuite> <!-- Test -->
