<?xml version="1.0" encoding="UTF-8"?>
<!-- Generated by org.testng.reporters.JUnitXMLReporter -->
<testsuite ignored="0" hostname="DAYZGAYU" failures="0" tests="3" name="Test" time="108.73" errors="0" timestamp="2022-08-30T18:02:14 IST">
  <testcase classname="org.automation.test.testcases.loginFb" name="loginToFb" time="23.742"/>
  <testcase classname="org.automation.test.testcases.loginFb" name="loginToFb" time="81.988"/>
  <testcase classname="org.automation.test.testcases.loginFb" name="logOut" time="0.002"/>
</testsuite> <!-- Test -->
